<?xml version="1.0" encoding="UTF-8"?>
<!-- Generated by org.testng.reporters.JUnitReportReporter -->
<testsuite hostname="DESKTOP-LPF66BL" failures="0" tests="1" name="Speed.Decentralize" time="3.021" errors="0" timestamp="2022-05-31T15:22:19 IST" skipped="0">
  <testcase classname="Speed.Decentralize" name="login" time="3.021"/>
  <system-out/>
</testsuite> <!-- Speed.Decentralize -->
