<?xml version="1.0" encoding="UTF-8"?>
<!-- Generated by org.testng.reporters.JUnitReportReporter -->
<testsuite hostname="DESKTOP-LPF66BL" failures="0" tests="1" name="Speed.Login" time="2.560" errors="0" timestamp="2022-05-30T18:34:52 IST" skipped="0">
  <testcase classname="Speed.Login" name="login" time="2.560"/>
  <system-out/>
</testsuite> <!-- Speed.Login -->
