<?xml version="1.0" encoding="UTF-8"?>
<!-- Generated by org.testng.reporters.JUnitReportReporter -->
<testsuite hostname="DESKTOP-LPF66BL" failures="0" tests="1" name="Speed.Logout" time="1.115" errors="0" timestamp="2022-05-31T15:22:19 IST" skipped="0">
  <testcase classname="Speed.Logout" name="Logoutt" time="1.115"/>
  <system-out/>
</testsuite> <!-- Speed.Logout -->
