<?xml version="1.0" encoding="UTF-8"?>
<!-- Generated by org.testng.reporters.JUnitReportReporter -->
<testsuite hostname="DESKTOP-LPF66BL" failures="0" tests="1" name="PostPET" time="2.504" errors="0" timestamp="2022-05-17T14:03:38 IST" skipped="0">
  <testcase classname="PostPET" name="Post_Pet" time="2.504"/>
  <system-out/>
</testsuite> <!-- PostPET -->
