<?xml version="1.0" encoding="UTF-8"?>
<!-- Generated by org.testng.reporters.JUnitReportReporter -->
<testsuite hostname="DESKTOP-LPF66BL" failures="0" tests="1" name="GetPET_status" time="2.604" errors="0" timestamp="2022-05-16T17:41:50 IST" skipped="0">
  <testcase classname="GetPET_status" name="Get_Petbystatus" time="2.604"/>
  <system-out/>
</testsuite> <!-- GetPET_status -->
