<?xml version="1.0" encoding="UTF-8"?>
<!-- Generated by org.testng.reporters.JUnitReportReporter -->
<testsuite hostname="DESKTOP-LPF66BL" failures="0" tests="1" name="Speed.Testdemo" time="2.866" errors="0" timestamp="2022-05-27T14:33:20 IST" skipped="0">
  <testcase classname="Speed.Testdemo" name="validateschema" time="2.866"/>
  <system-out/>
</testsuite> <!-- Speed.Testdemo -->
