<?xml version="1.0" encoding="UTF-8"?>
<!-- Generated by org.testng.reporters.JUnitReportReporter -->
<testsuite hostname="DESKTOP-LPF66BL" failures="0" tests="1" name="Speed.Tests" time="1.467" errors="0" timestamp="2022-05-31T10:18:46 IST" skipped="0">
  <testcase classname="Speed.Tests" name="login" time="1.467"/>
  <system-out/>
</testsuite> <!-- Speed.Tests -->
